<?xml version="1.0" encoding="UTF-8"?>
<testsuite xmlns:xsi="http://www.w3.org/2001/XMLSchema-instance" xsi:noNamespaceSchemaLocation="https://maven.apache.org/surefire/maven-surefire-plugin/xsd/surefire-test-report-3.0.xsd" version="3.0" name="br.com.erudio.math.MethodOrderedByOrderIndexTest" time="0.014" tests="4" errors="0" skipped="0" failures="0">
  <properties>
    <property name="java.specification.version" value="21"/>
    <property name="sun.jnu.encoding" value="UTF-8"/>
    <property name="java.class.path" value="/home/luciano/Projects/Java/Java-Unit-Testing-com-Spring-Boot-3-TDD-Junit-5-e-Mockito/autometed-tests-with-java-erudio/target/test-classes:/home/luciano/Projects/Java/Java-Unit-Testing-com-Spring-Boot-3-TDD-Junit-5-e-Mockito/autometed-tests-with-java-erudio/target/classes:/home/luciano/.m2/repository/org/junit/jupiter/junit-jupiter/5.10.1/junit-jupiter-5.10.1.jar:/home/luciano/.m2/repository/org/junit/jupiter/junit-jupiter-api/5.10.1/junit-jupiter-api-5.10.1.jar:/home/luciano/.m2/repository/org/opentest4j/opentest4j/1.3.0/opentest4j-1.3.0.jar:/home/luciano/.m2/repository/org/junit/platform/junit-platform-commons/1.10.1/junit-platform-commons-1.10.1.jar:/home/luciano/.m2/repository/org/apiguardian/apiguardian-api/1.1.2/apiguardian-api-1.1.2.jar:/home/luciano/.m2/repository/org/junit/jupiter/junit-jupiter-params/5.10.1/junit-jupiter-params-5.10.1.jar:/home/luciano/.m2/repository/org/junit/jupiter/junit-jupiter-engine/5.10.1/junit-jupiter-engine-5.10.1.jar:/home/luciano/.m2/repository/org/junit/platform/junit-platform-engine/1.10.1/junit-platform-engine-1.10.1.jar:/home/luciano/.m2/repository/org/projectlombok/lombok/1.18.30/lombok-1.18.30.jar:"/>
    <property name="java.vm.vendor" value="Oracle Corporation"/>
    <property name="sun.arch.data.model" value="64"/>
    <property name="java.vendor.url" value="https://java.oracle.com/"/>
    <property name="user.country.format" value="BR"/>
    <property name="os.name" value="Linux"/>
    <property name="java.vm.specification.version" value="21"/>
    <property name="user.country" value="US"/>
    <property name="sun.java.launcher" value="SUN_STANDARD"/>
    <property name="sun.boot.library.path" value="/usr/lib/jvm/jdk-21/lib"/>
    <property name="sun.java.command" value="/home/luciano/Projects/Java/Java-Unit-Testing-com-Spring-Boot-3-TDD-Junit-5-e-Mockito/autometed-tests-with-java-erudio/target/surefire/surefirebooter-20231119221522386_3.jar /home/luciano/Projects/Java/Java-Unit-Testing-com-Spring-Boot-3-TDD-Junit-5-e-Mockito/autometed-tests-with-java-erudio/target/surefire 2023-11-19T22-15-22_294-jvmRun1 surefire-20231119221522386_1tmp surefire_0-20231119221522386_2tmp"/>
    <property name="jdk.debug" value="release"/>
    <property name="surefire.test.class.path" value="/home/luciano/Projects/Java/Java-Unit-Testing-com-Spring-Boot-3-TDD-Junit-5-e-Mockito/autometed-tests-with-java-erudio/target/test-classes:/home/luciano/Projects/Java/Java-Unit-Testing-com-Spring-Boot-3-TDD-Junit-5-e-Mockito/autometed-tests-with-java-erudio/target/classes:/home/luciano/.m2/repository/org/junit/jupiter/junit-jupiter/5.10.1/junit-jupiter-5.10.1.jar:/home/luciano/.m2/repository/org/junit/jupiter/junit-jupiter-api/5.10.1/junit-jupiter-api-5.10.1.jar:/home/luciano/.m2/repository/org/opentest4j/opentest4j/1.3.0/opentest4j-1.3.0.jar:/home/luciano/.m2/repository/org/junit/platform/junit-platform-commons/1.10.1/junit-platform-commons-1.10.1.jar:/home/luciano/.m2/repository/org/apiguardian/apiguardian-api/1.1.2/apiguardian-api-1.1.2.jar:/home/luciano/.m2/repository/org/junit/jupiter/junit-jupiter-params/5.10.1/junit-jupiter-params-5.10.1.jar:/home/luciano/.m2/repository/org/junit/jupiter/junit-jupiter-engine/5.10.1/junit-jupiter-engine-5.10.1.jar:/home/luciano/.m2/repository/org/junit/platform/junit-platform-engine/1.10.1/junit-platform-engine-1.10.1.jar:/home/luciano/.m2/repository/org/projectlombok/lombok/1.18.30/lombok-1.18.30.jar:"/>
    <property name="sun.cpu.endian" value="little"/>
    <property name="user.home" value="/home/luciano"/>
    <property name="user.language" value="en"/>
    <property name="java.specification.vendor" value="Oracle Corporation"/>
    <property name="java.version.date" value="2023-09-19"/>
    <property name="java.home" value="/usr/lib/jvm/jdk-21"/>
    <property name="file.separator" value="/"/>
    <property name="basedir" value="/home/luciano/Projects/Java/Java-Unit-Testing-com-Spring-Boot-3-TDD-Junit-5-e-Mockito/autometed-tests-with-java-erudio"/>
    <property name="java.vm.compressedOopsMode" value="Zero based"/>
    <property name="line.separator" value="&#10;"/>
    <property name="java.vm.specification.vendor" value="Oracle Corporation"/>
    <property name="java.specification.name" value="Java Platform API Specification"/>
    <property name="surefire.real.class.path" value="/home/luciano/Projects/Java/Java-Unit-Testing-com-Spring-Boot-3-TDD-Junit-5-e-Mockito/autometed-tests-with-java-erudio/target/surefire/surefirebooter-20231119221522386_3.jar"/>
    <property name="sun.management.compiler" value="HotSpot 64-Bit Tiered Compilers"/>
    <property name="java.runtime.version" value="21+35-2513"/>
    <property name="user.name" value="luciano"/>
    <property name="stdout.encoding" value="UTF-8"/>
    <property name="path.separator" value=":"/>
    <property name="os.version" value="6.2.0-36-generic"/>
    <property name="java.runtime.name" value="OpenJDK Runtime Environment"/>
    <property name="file.encoding" value="UTF-8"/>
    <property name="archetypeCatalog" value="internal"/>
    <property name="java.vm.name" value="OpenJDK 64-Bit Server VM"/>
    <property name="maven.ext.class.path" value="/usr/lib/apache-netbeans/java/maven-nblib/netbeans-eventspy.jar"/>
    <property name="localRepository" value="/home/luciano/.m2/repository"/>
    <property name="java.vendor.url.bug" value="https://bugreport.java.com/bugreport/"/>
    <property name="java.io.tmpdir" value="/tmp"/>
    <property name="java.version" value="21"/>
    <property name="user.dir" value="/home/luciano/Projects/Java/Java-Unit-Testing-com-Spring-Boot-3-TDD-Junit-5-e-Mockito/autometed-tests-with-java-erudio"/>
    <property name="os.arch" value="amd64"/>
    <property name="java.vm.specification.name" value="Java Virtual Machine Specification"/>
    <property name="user.language.format" value="pt"/>
    <property name="native.encoding" value="UTF-8"/>
    <property name="java.library.path" value="/usr/java/packages/lib:/usr/lib64:/lib64:/lib:/usr/lib"/>
    <property name="java.vm.info" value="mixed mode, sharing"/>
    <property name="stderr.encoding" value="UTF-8"/>
    <property name="java.vendor" value="Oracle Corporation"/>
    <property name="java.vm.version" value="21+35-2513"/>
    <property name="sun.io.unicode.encoding" value="UnicodeLittle"/>
    <property name="java.class.version" value="65.0"/>
  </properties>
  <testcase name="testeC" classname="br.com.erudio.math.MethodOrderedByOrderIndexTest" time="0.003">
    <system-out><![CDATA[Runnint Test C
The actual value is 1
]]></system-out>
  </testcase>
  <testcase name="testeD" classname="br.com.erudio.math.MethodOrderedByOrderIndexTest" time="0.001">
    <system-out><![CDATA[Runnint Test D
The actual value is 12
]]></system-out>
  </testcase>
  <testcase name="testeA" classname="br.com.erudio.math.MethodOrderedByOrderIndexTest" time="0.002">
    <system-out><![CDATA[Runnint Test A
The actual value is 123
]]></system-out>
  </testcase>
  <testcase name="testeB" classname="br.com.erudio.math.MethodOrderedByOrderIndexTest" time="0.002">
    <system-out><![CDATA[Runnint Test B
The actual value is 1234
]]></system-out>
  </testcase>
</testsuite>